c:\users\nithin\downloads\corrected_puchi\project2_ast\project2_ast\parser\x64\debug\parser.pdb
c:\users\nithin\downloads\corrected_puchi\project2_ast\project2_ast\parser\x64\debug\parser.idb
c:\users\nithin\downloads\corrected_puchi\project2_ast\project2_ast\parser\x64\debug\filesystem.obj
c:\users\nithin\downloads\corrected_puchi\project2_ast\project2_ast\parser\x64\debug\scopestack.obj
c:\users\nithin\downloads\corrected_puchi\project2_ast\project2_ast\parser\x64\debug\semiexp.obj
c:\users\nithin\downloads\corrected_puchi\project2_ast\project2_ast\parser\x64\debug\tokenizer.obj
c:\users\nithin\downloads\corrected_puchi\project2_ast\project2_ast\parser\x64\debug\utilities.obj
c:\users\nithin\downloads\corrected_puchi\project2_ast\project2_ast\parser\x64\debug\actionsandrules.obj
c:\users\nithin\downloads\corrected_puchi\project2_ast\project2_ast\parser\x64\debug\configureparser.obj
c:\users\nithin\downloads\corrected_puchi\project2_ast\project2_ast\parser\x64\debug\parser.obj
c:\users\nithin\downloads\corrected_puchi\project2_ast\project2_ast\parser\x64\debug\typetable.obj
c:\users\teja\downloads\pr3\project2_ast\parser\x64\debug\parser.pdb
c:\users\teja\downloads\pr3\project2_ast\parser\x64\debug\parser.idb
c:\users\teja\downloads\pr3\project2_ast\parser\x64\debug\filesystem.obj
c:\users\teja\downloads\pr3\project2_ast\parser\x64\debug\scopestack.obj
c:\users\teja\downloads\pr3\project2_ast\parser\x64\debug\semiexp.obj
c:\users\teja\downloads\pr3\project2_ast\parser\x64\debug\tokenizer.obj
c:\users\teja\downloads\pr3\project2_ast\parser\x64\debug\utilities.obj
c:\users\teja\downloads\pr3\project2_ast\parser\x64\debug\actionsandrules.obj
c:\users\teja\downloads\pr3\project2_ast\parser\x64\debug\configureparser.obj
c:\users\teja\downloads\pr3\project2_ast\parser\x64\debug\parser.obj
c:\users\teja\downloads\pr3\project2_ast\parser\x64\debug\typetable.obj
c:\users\nithin\downloads\corrected_puchi\project2_ast\project2_ast\x64\debug\parser.lib
c:\users\teja\downloads\pr3\project2_ast\x64\debug\parser.lib
c:\users\teja\downloads\pr3\project2_ast\x64\debug\parser.pdb
c:\users\teja\downloads\pr3\project2_ast\parser\x64\debug\parser.tlog\cl.command.1.tlog
c:\users\teja\downloads\pr3\project2_ast\parser\x64\debug\parser.tlog\cl.read.1.tlog
c:\users\teja\downloads\pr3\project2_ast\parser\x64\debug\parser.tlog\cl.write.1.tlog
c:\users\teja\downloads\pr3\project2_ast\parser\x64\debug\parser.tlog\lib-link.read.1.tlog
c:\users\teja\downloads\pr3\project2_ast\parser\x64\debug\parser.tlog\lib-link.write.1.tlog
c:\users\teja\downloads\pr3\project2_ast\parser\x64\debug\parser.tlog\lib.command.1.tlog
